# JRE version: OpenJDK Runtime Environment (17.0.6) (build 17.0.6+0-b2043.56-9586694)
# Java VM: OpenJDK 64-Bit Server VM (17.0.6+0-b2043.56-9586694, mixed mode, tiered, compressed oops, compressed class ptrs, g1 gc, windows-amd64)
GC Precious Log:
 CPUs: 4 total, 4 available
 Memory: 8044M
 Large Page Support: Disabled
 NUMA Support: Disabled
 Compressed Oops: Enabled (32-bit)
 Heap Region Size: 1M
 Heap Min Capacity: 8M
 Heap Initial Capacity: 126M
 Heap Max Capacity: 2G
 Pre-touch: Disabled
 Parallel Workers: 4
 Concurrent Workers: 1
 Concurrent Refinement Workers: 4
 Periodic GC: Disabled
Heap:
 garbage-first heap   total 245760K, used 136338K [0x0000000080000000, 0x0000000100000000)
  region size 1024K, 9 young (9216K), 9 survivors (9216K)
 Metaspace       used 126673K, committed 127744K, reserved 1163264K
  class space    used 17024K, committed 17536K, reserved 1048576K
GC Heap History (20 events):
Event: 600.530 GC heap after
{Heap after GC invocations=54 (full 0):
 garbage-first heap   total 208896K, used 117155K [0x0000000080000000, 0x0000000100000000)
  region size 1024K, 1 young (1024K), 1 survivors (1024K)
 Metaspace       used 123992K, committed 124864K, reserved 1163264K
  class space    used 16908K, committed 17344K, reserved 1048576K
}
Event: 602.677 GC heap before
{Heap before GC invocations=54 (full 0):
 garbage-first heap   total 208896K, used 171427K [0x0000000080000000, 0x0000000100000000)
  region size 1024K, 55 young (56320K), 1 survivors (1024K)
 Metaspace       used 124583K, committed 125440K, reserved 1163264K
  class space    used 16940K, committed 17344K, reserved 1048576K
}
Event: 602.689 GC heap after
{Heap after GC invocations=55 (full 0):
 garbage-first heap   total 208896K, used 124928K [0x0000000080000000, 0x0000000100000000)
  region size 1024K, 7 young (7168K), 7 survivors (7168K)
 Metaspace       used 124583K, committed 125440K, reserved 1163264K
  class space    used 16940K, committed 17344K, reserved 1048576K
}
Event: 607.797 GC heap before
{Heap before GC invocations=56 (full 0):
 garbage-first heap   total 211968K, used 171008K [0x0000000080000000, 0x0000000100000000)
  region size 1024K, 54 young (55296K), 7 survivors (7168K)
 Metaspace       used 125080K, committed 126016K, reserved 1163264K
  class space    used 16957K, committed 17408K, reserved 1048576K
}
Event: 607.817 GC heap after
{Heap after GC invocations=57 (full 0):
 garbage-first heap   total 211968K, used 126132K [0x0000000080000000, 0x0000000100000000)
  region size 1024K, 3 young (3072K), 3 survivors (3072K)
 Metaspace       used 125080K, committed 126016K, reserved 1163264K
  class space    used 16957K, committed 17408K, reserved 1048576K
}
Event: 607.935 GC heap before
{Heap before GC invocations=57 (full 0):
 garbage-first heap   total 211968K, used 132276K [0x0000000080000000, 0x0000000100000000)
  region size 1024K, 10 young (10240K), 3 survivors (3072K)
 Metaspace       used 125142K, committed 126080K, reserved 1163264K
  class space    used 16959K, committed 17408K, reserved 1048576K
}
Event: 607.952 GC heap after
{Heap after GC invocations=58 (full 0):
 garbage-first heap   total 211968K, used 118613K [0x0000000080000000, 0x0000000100000000)
  region size 1024K, 2 young (2048K), 2 survivors (2048K)
 Metaspace       used 125142K, committed 126080K, reserved 1163264K
  class space    used 16959K, committed 17408K, reserved 1048576K
}
Event: 608.089 GC heap before
{Heap before GC invocations=58 (full 0):
 garbage-first heap   total 211968K, used 123733K [0x0000000080000000, 0x0000000100000000)
  region size 1024K, 8 young (8192K), 2 survivors (2048K)
 Metaspace       used 125263K, committed 126208K, reserved 1163264K
  class space    used 16960K, committed 17408K, reserved 1048576K
}
Event: 608.091 GC heap after
{Heap after GC invocations=59 (full 0):
 garbage-first heap   total 211968K, used 117524K [0x0000000080000000, 0x0000000100000000)
  region size 1024K, 1 young (1024K), 1 survivors (1024K)
 Metaspace       used 125263K, committed 126208K, reserved 1163264K
  class space    used 16960K, committed 17408K, reserved 1048576K
}
Event: 656.439 GC heap before
{Heap before GC invocations=60 (full 0):
 garbage-first heap   total 230400K, used 189204K [0x0000000080000000, 0x0000000100000000)
  region size 1024K, 57 young (58368K), 1 survivors (1024K)
 Metaspace       used 125544K, committed 126528K, reserved 1163264K
  class space    used 16985K, committed 17472K, reserved 1048576K
}
Event: 656.450 GC heap after
{Heap after GC invocations=61 (full 0):
 garbage-first heap   total 230400K, used 124538K [0x0000000080000000, 0x0000000100000000)
  region size 1024K, 8 young (8192K), 8 survivors (8192K)
 Metaspace       used 125544K, committed 126528K, reserved 1163264K
  class space    used 16985K, committed 17472K, reserved 1048576K
}
Event: 656.477 GC heap before
{Heap before GC invocations=61 (full 0):
 garbage-first heap   total 230400K, used 127610K [0x0000000080000000, 0x0000000100000000)
  region size 1024K, 11 young (11264K), 8 survivors (8192K)
 Metaspace       used 125550K, committed 126528K, reserved 1163264K
  class space    used 16985K, committed 17472K, reserved 1048576K
}
Event: 656.496 GC heap after
{Heap after GC invocations=62 (full 0):
 garbage-first heap   total 230400K, used 123641K [0x0000000080000000, 0x0000000100000000)
  region size 1024K, 1 young (1024K), 1 survivors (1024K)
 Metaspace       used 125550K, committed 126528K, reserved 1163264K
  class space    used 16985K, committed 17472K, reserved 1048576K
}
Event: 720.368 GC heap before
{Heap before GC invocations=62 (full 0):
 garbage-first heap   total 230400K, used 188153K [0x0000000080000000, 0x0000000100000000)
  region size 1024K, 64 young (65536K), 1 survivors (1024K)
 Metaspace       used 125859K, committed 126848K, reserved 1163264K
  class space    used 17002K, committed 17472K, reserved 1048576K
}
Event: 720.383 GC heap after
{Heap after GC invocations=63 (full 0):
 garbage-first heap   total 230400K, used 131429K [0x0000000080000000, 0x0000000100000000)
  region size 1024K, 8 young (8192K), 8 survivors (8192K)
 Metaspace       used 125859K, committed 126848K, reserved 1163264K
  class space    used 17002K, committed 17472K, reserved 1048576K
}
Event: 1097.572 GC heap before
{Heap before GC invocations=64 (full 0):
 garbage-first heap   total 245760K, used 185701K [0x0000000080000000, 0x0000000100000000)
  region size 1024K, 62 young (63488K), 8 survivors (8192K)
 Metaspace       used 126037K, committed 127040K, reserved 1163264K
  class space    used 17005K, committed 17472K, reserved 1048576K
}
Event: 1097.740 GC heap after
{Heap after GC invocations=65 (full 0):
 garbage-first heap   total 245760K, used 137046K [0x0000000080000000, 0x0000000100000000)
  region size 1024K, 6 young (6144K), 6 survivors (6144K)
 Metaspace       used 126037K, committed 127040K, reserved 1163264K
  class space    used 17005K, committed 17472K, reserved 1048576K
}
Event: 1097.792 GC heap before
{Heap before GC invocations=65 (full 0):
 garbage-first heap   total 245760K, used 142166K [0x0000000080000000, 0x0000000100000000)
  region size 1024K, 12 young (12288K), 6 survivors (6144K)
 Metaspace       used 126037K, committed 127040K, reserved 1163264K
  class space    used 17005K, committed 17472K, reserved 1048576K
}
Event: 1097.832 GC heap after
{Heap after GC invocations=66 (full 0):
 garbage-first heap   total 245760K, used 128608K [0x0000000080000000, 0x0000000100000000)
  region size 1024K, 1 young (1024K), 1 survivors (1024K)
 Metaspace       used 126037K, committed 127040K, reserved 1163264K
  class space    used 17005K, committed 17472K, reserved 1048576K
}
Event: 1105.400 GC heap before
{Heap before GC invocations=66 (full 0):
 garbage-first heap   total 245760K, used 199264K [0x0000000080000000, 0x0000000100000000)
  region size 1024K, 71 young (72704K), 1 survivors (1024K)
 Metaspace       used 126673K, committed 127744K, reserved 1163264K
  class space    used 17024K, committed 17536K, reserved 1048576K
}

